<?xml version="1.0" encoding="UTF-8"?>
<!-- Generated by org.testng.reporters.JUnitXMLReporter -->
<testsuite hostname="DESKTOP-TU76DCC" ignored="0" name="deleteTrialuser" tests="1" failures="1" timestamp="31 Jul 2018 08:37:11 GMT" time="0.101" errors="0">
  <testcase name="deleteTrialuserTest" time="0.008" classname="SystemMailTracking.testcases.SessionSuite.deleteTrialuser">
    <failure type="java.lang.reflect.InvocationTargetException">
      <![CDATA[java.lang.reflect.InvocationTargetException
at SystemMailTracking.driver.DriverScript.executeKeywords(DriverScript.java:49)
at SystemMailTracking.testcases.SessionSuite.deleteTrialuser.deleteTrialuserTest(deleteTrialuser.java:23)
Caused by: java.lang.IllegalStateException: The driver executable does not exist: D:\usr\local\bin\chromedriver
at com.google.common.base.Preconditions.checkState(Preconditions.java:534)
at org.openqa.selenium.remote.service.DriverService.checkExecutable(DriverService.java:136)
at org.openqa.selenium.remote.service.DriverService.findExecutable(DriverService.java:131)
at org.openqa.selenium.chrome.ChromeDriverService.access$000(ChromeDriverService.java:32)
at org.openqa.selenium.chrome.ChromeDriverService$Builder.findDefaultExecutable(ChromeDriverService.java:137)
at org.openqa.selenium.remote.service.DriverService$Builder.build(DriverService.java:339)
at org.openqa.selenium.chrome.ChromeDriverService.createDefaultService(ChromeDriverService.java:88)
at org.openqa.selenium.chrome.ChromeDriver.<init>(ChromeDriver.java:123)
at SystemMailTracking.keywords.GenericKeywords.openBrowser(GenericKeywords.java:123)
... 31 more
... Removed 29 stack frames]]>
    </failure>
  </testcase> <!-- deleteTrialuserTest -->
</testsuite> <!-- deleteTrialuser -->
