<?xml version="1.0" encoding="UTF-8"?>
<!-- Generated by org.testng.reporters.JUnitXMLReporter -->
<testsuite hostname="DESKTOP-TU76DCC" ignored="0" name="Broadcast Email" tests="1" failures="1" timestamp="31 Jul 2018 09:28:31 GMT" time="74.36" errors="0">
  <testcase name="BroadCastEmail" time="72.684" classname="SystemMailTracking.testcases.SystemEmails.BroadCastEmailTest">
    <failure type="java.lang.reflect.InvocationTargetException">
      <![CDATA[java.lang.reflect.InvocationTargetException
	at SystemMailTracking.driver.DriverScript.executeKeywords(DriverScript.java:49)
	at SystemMailTracking.testcases.SystemEmails.BroadCastEmailTest.BroadCastEmail(BroadCastEmailTest.java:27)
Caused by: java.lang.AssertionError: The following asserts failed:
	Object Not Found GmailInboxclick_xpath,
	Failed to recieve Broadcast email
	at SystemMailTracking.keywords.GenericKeywords.reportFailure(GenericKeywords.java:362)
	at SystemMailTracking.keywords.AppKeywords.VerifyBroadcastEmailFromInbox(AppKeywords.java:590)
	... 35 more
... Removed 34 stack frames]]>
    </failure>
  </testcase> <!-- BroadCastEmail -->
</testsuite> <!-- Broadcast Email -->
