<!DOCTYPE html PUBLIC "-//W3C//DTD XHTML 1.1//EN" "http://www.w3.org/TR/xhtml11/DTD/xhtml11.dtd">
<html xmlns="http://www.w3.org/1999/xhtml"><head><title>TestNG Report</title><style type="text/css">table {margin-bottom:10px;border-collapse:collapse;empty-cells:show}th,td {border:1px solid #009;padding:.25em .5em}th {vertical-align:bottom}td {vertical-align:top}table a {font-weight:bold}.stripe td {background-color: #E6EBF9}.num {text-align:right}.passedodd td {background-color: #3F3}.passedeven td {background-color: #0A0}.skippedodd td {background-color: #DDD}.skippedeven td {background-color: #CCC}.failedodd td,.attn {background-color: #F33}.failedeven td,.stripe .attn {background-color: #D00}.stacktrace {white-space:pre;font-family:monospace}.totop {font-size:85%;text-align:center;border-bottom:2px solid #000}</style></head><body><table><tr><th>Test</th><th># Passed</th><th># Skipped</th><th># Failed</th><th>Time (ms)</th><th>Included Groups</th><th>Excluded Groups</th></tr><tr><th colspan="7">My suite</th></tr><tr><th colspan="7">SessionSuite</th></tr><tr><td><a href="#t0">Login Test</a></td><td class="num">1</td><td class="num">0</td><td class="num">0</td><td class="num">17,653</td><td></td><td></td></tr><tr class="stripe"><td><a href="#t1">ForgotPassword</a></td><td class="num">0</td><td class="num">0</td><td class="num attn">1</td><td class="num">13,095</td><td></td><td></td></tr><tr><td><a href="#t2">CreateNewAccount</a></td><td class="num">0</td><td class="num">0</td><td class="num attn">1</td><td class="num">37,716</td><td></td><td></td></tr><tr class="stripe"><td><a href="#t3">ContinueToPayment</a></td><td class="num">0</td><td class="num">0</td><td class="num attn">1</td><td class="num">46,938</td><td></td><td></td></tr><tr><td><a href="#t4">deletepaiduser</a></td><td class="num">0</td><td class="num">0</td><td class="num attn">1</td><td class="num">46,956</td><td></td><td></td></tr><tr class="stripe"><td><a href="#t5">deleteTrialuser</a></td><td class="num">1</td><td class="num">0</td><td class="num">0</td><td class="num">31,030</td><td></td><td></td></tr><tr><th colspan="7">SystemEmails</th></tr><tr><td><a href="#t6">Send Optin Email</a></td><td class="num">1</td><td class="num">0</td><td class="num">0</td><td class="num">52,935</td><td></td><td></td></tr><tr class="stripe"><td><a href="#t7">Resend Optin Email</a></td><td class="num">1</td><td class="num">0</td><td class="num">0</td><td class="num">49,452</td><td></td><td></td></tr><tr><td><a href="#t8">Send Resource Email</a></td><td class="num">0</td><td class="num">0</td><td class="num attn">1</td><td class="num">55,069</td><td></td><td></td></tr><tr class="stripe"><td><a href="#t9">Broadcast Email</a></td><td class="num">0</td><td class="num">0</td><td class="num attn">1</td><td class="num">74,360</td><td></td><td></td></tr><tr><td><a href="#t10">Delete Contact</a></td><td class="num">1</td><td class="num">0</td><td class="num">0</td><td class="num">37,903</td><td></td><td></td></tr><tr><th>Total</th><th class="num">5</th><th class="num">0</th><th class="num attn">6</th><th class="num">463,107</th><th colspan="2"></th></tr></table><table><thead><tr><th>Class</th><th>Method</th><th>Start</th><th>Time (ms)</th></tr></thead><tbody><tr><th colspan="4">My suite</th></tr></tbody><tbody><tr><th colspan="4">SessionSuite</th></tr></tbody><tbody id="t0"><tr><th colspan="4">Login Test &#8212; passed</th></tr><tr class="passedeven"><td rowspan="1">SystemMailTracking.testcases.SessionSuite.LoginTest</td><td><a href="#m0">loginTest</a></td><td rowspan="1">1533028886041</td><td rowspan="1">14814</td></tr></tbody><tbody id="t1"><tr><th colspan="4">ForgotPassword &#8212; failed</th></tr><tr class="failedeven"><td rowspan="1">SystemMailTracking.testcases.SessionSuite.ForgotPasswordTestCase</td><td><a href="#m1">ForgotPasswordTest</a></td><td rowspan="1">1533028903234</td><td rowspan="1">12419</td></tr></tbody><tbody id="t2"><tr><th colspan="4">CreateNewAccount &#8212; failed</th></tr><tr class="failedeven"><td rowspan="1">SystemMailTracking.testcases.SessionSuite.CreateNewAccountTest</td><td><a href="#m2">CreateNewAccount</a></td><td rowspan="1">1533028916481</td><td rowspan="1">36857</td></tr></tbody><tbody id="t3"><tr><th colspan="4">ContinueToPayment &#8212; failed</th></tr><tr class="failedeven"><td rowspan="1">SystemMailTracking.testcases.SessionSuite.ContinueToPaymentTest</td><td><a href="#m3">ContinueToPayment</a></td><td rowspan="1">1533028954230</td><td rowspan="1">46187</td></tr></tbody><tbody id="t4"><tr><th colspan="4">deletepaiduser &#8212; failed</th></tr><tr class="failedeven"><td rowspan="1">SystemMailTracking.testcases.SessionSuite.deletepaiduser</td><td><a href="#m4">deletepaiduserTest</a></td><td rowspan="1">1533029001151</td><td rowspan="1">46249</td></tr></tbody><tbody id="t5"><tr><th colspan="4">deleteTrialuser &#8212; passed</th></tr><tr class="passedeven"><td rowspan="1">SystemMailTracking.testcases.SessionSuite.deleteTrialuser</td><td><a href="#m5">deleteTrialuserTest</a></td><td rowspan="1">1533029048121</td><td rowspan="1">30242</td></tr></tbody><tbody><tr><th colspan="4">SystemEmails</th></tr></tbody><tbody id="t6"><tr><th colspan="4">Send Optin Email &#8212; passed</th></tr><tr class="passedeven"><td rowspan="1">SystemMailTracking.testcases.SystemEmails.AddNewContactOptinTest</td><td><a href="#m6">AddNewContactOptin</a></td><td rowspan="1">1533029079305</td><td rowspan="1">51985</td></tr></tbody><tbody id="t7"><tr><th colspan="4">Resend Optin Email &#8212; passed</th></tr><tr class="passedeven"><td rowspan="1">SystemMailTracking.testcases.SystemEmails.ReoptinEmailTest</td><td><a href="#m7">ReoptinEmail</a></td><td rowspan="1">1533029132165</td><td rowspan="1">48634</td></tr></tbody><tbody id="t8"><tr><th colspan="4">Send Resource Email &#8212; failed</th></tr><tr class="failedeven"><td rowspan="1">SystemMailTracking.testcases.SystemEmails.ResourceEmailTest</td><td><a href="#m8">ResourceEmail</a></td><td rowspan="1">1533029181643</td><td rowspan="1">54026</td></tr></tbody><tbody id="t9"><tr><th colspan="4">Broadcast Email &#8212; failed</th></tr><tr class="failedeven"><td rowspan="1">SystemMailTracking.testcases.SystemEmails.BroadCastEmailTest</td><td><a href="#m9">BroadCastEmail</a></td><td rowspan="1">1533029237402</td><td rowspan="1">72684</td></tr></tbody><tbody id="t10"><tr><th colspan="4">Delete Contact &#8212; passed</th></tr><tr class="passedeven"><td rowspan="1">SystemMailTracking.testcases.SystemEmails.deletecontact</td><td><a href="#m10">deletecontactTest</a></td><td rowspan="1">1533029311361</td><td rowspan="1">36905</td></tr></tbody></table><h2>Login Test</h2><h3 id="m0">SystemMailTracking.testcases.SessionSuite.LoginTest#loginTest</h3><table class="result"><tr class="param"><th>Parameter #1</th></tr><tr class="param stripe"><td>{Username=Automationdonotuse@mailinator.com, ExpectedResult=Success, Password=r123456789, Runmode=Y, Browser=Chrome}</td></tr></table><p class="totop"><a href="#summary">back to summary</a></p><h2>ForgotPassword</h2><h3 id="m1">SystemMailTracking.testcases.SessionSuite.ForgotPasswordTestCase#ForgotPasswordTest</h3><table class="result"><tr class="param"><th>Parameter #1</th></tr><tr class="param stripe"><td>{NewPassword=r123456789, Runmode=Y, ConfirmPassword=r123456789, ValidateText=An email has been sent to your email account with instructions to reset your password. Please check Junk/Spam folders for this message and wait up to 10 minutes for it., Email=Automationdonotuse@mailinator.com, Browser=Chrome}</td></tr><tr><th>Exception</th></tr><tr><td><div class="stacktrace">java.lang.reflect.InvocationTargetException
	at SystemMailTracking.driver.DriverScript.executeKeywords(DriverScript.java:49)
	at SystemMailTracking.testcases.SessionSuite.ForgotPasswordTestCase.ForgotPasswordTest(ForgotPasswordTestCase.java:28)
Caused by: org.openqa.selenium.WebDriverException: chrome not reachable
  (Session info: chrome=67.0.3396.99)
  (Driver info: chromedriver=2.38.552522 (437e6fbedfa8762dec75e2c5b3ddb86763dc9dcb),platform=Windows NT 10.0.17134 x86_64) (WARNING: The server did not provide any stacktrace information)
Command duration or timeout: 0 milliseconds
Build info: version: &apos;3.11.0&apos;, revision: &apos;e59cfb3&apos;, time: &apos;2018-03-11T20:26:55.152Z&apos;
System info: host: &apos;DESKTOP-TU76DCC&apos;, ip: &apos;192.168.43.44&apos;, os.name: &apos;Windows 10&apos;, os.arch: &apos;amd64&apos;, os.version: &apos;10.0&apos;, java.version: &apos;1.8.0_151&apos;
Driver info: org.openqa.selenium.chrome.ChromeDriver
Capabilities {acceptInsecureCerts: false, acceptSslCerts: false, applicationCacheEnabled: false, browserConnectionEnabled: false, browserName: chrome, chrome: {chromedriverVersion: 2.38.552522 (437e6fbedfa876..., userDataDir: C:\Users\RASHMI~1\AppData\L...}, cssSelectorsEnabled: true, databaseEnabled: false, handlesAlerts: true, hasTouchScreen: false, javascriptEnabled: true, locationContextEnabled: true, mobileEmulationEnabled: false, nativeEvents: true, networkConnectionEnabled: false, pageLoadStrategy: normal, platform: XP, platformName: XP, rotatable: false, setWindowRect: true, takesHeapSnapshot: true, takesScreenshot: true, unexpectedAlertBehaviour: , unhandledPromptBehavior: , version: 67.0.3396.99, webStorageEnabled: true}
Session ID: 0c2eee801e903d04c018d5a87c94066e
	at org.openqa.selenium.remote.ErrorHandler.createThrowable(ErrorHandler.java:214)
	at org.openqa.selenium.remote.ErrorHandler.throwIfResponseFailed(ErrorHandler.java:166)
	at org.openqa.selenium.remote.http.JsonHttpResponseCodec.reconstructValue(JsonHttpResponseCodec.java:40)
	at org.openqa.selenium.remote.http.AbstractHttpResponseCodec.decode(AbstractHttpResponseCodec.java:80)
	at org.openqa.selenium.remote.http.AbstractHttpResponseCodec.decode(AbstractHttpResponseCodec.java:44)
	at org.openqa.selenium.remote.HttpCommandExecutor.execute(HttpCommandExecutor.java:158)
	at org.openqa.selenium.remote.service.DriverCommandExecutor.execute(DriverCommandExecutor.java:83)
	at org.openqa.selenium.remote.RemoteWebDriver.execute(RemoteWebDriver.java:545)
	at org.openqa.selenium.remote.RemoteWebDriver.get(RemoteWebDriver.java:273)
	at SystemMailTracking.keywords.GenericKeywords.navigate(GenericKeywords.java:138)
	... 35 more
... Removed 37 stack frames</div></td></tr></table><p class="totop"><a href="#summary">back to summary</a></p><h2>CreateNewAccount</h2><h3 id="m2">SystemMailTracking.testcases.SessionSuite.CreateNewAccountTest#CreateNewAccount</h3><table class="result"><tr class="param"><th>Parameter #1</th></tr><tr class="param stripe"><td>{ConfirmPassword=password@12, RepId2=TestRep2, RepId1=TestRep1, ValidateText=Your user account has been created you may now login to the RapidFunnel app.If you have not downloaded the app please do so through the Apple App Store or Google Play. You can also login online at my.prospectbylegalshield.com, Runmode=Y, Phone=9658877498, Additional Notification Email=Additionnotif@mailinator.com, Email=Autonewuser1@mailinator.com, Password=password@12, groupcode=qiRUR5, LastName=New Account, FirstName=Automation, Browser=Chrome}</td></tr><tr><th>Exception</th></tr><tr><td><div class="stacktrace">java.lang.reflect.InvocationTargetException
	at SystemMailTracking.driver.DriverScript.executeKeywords(DriverScript.java:49)
	at SystemMailTracking.testcases.SessionSuite.CreateNewAccountTest.CreateNewAccount(CreateNewAccountTest.java:27)
Caused by: java.lang.AssertionError: The following asserts failed:
	Failed to get the email confirmation for newly created account
	at SystemMailTracking.keywords.GenericKeywords.reportFailure(GenericKeywords.java:362)
	at SystemMailTracking.keywords.AppKeywords.VerifyEmailFromInboxNewAccount(AppKeywords.java:323)
	... 35 more
... Removed 34 stack frames</div></td></tr></table><p class="totop"><a href="#summary">back to summary</a></p><h2>ContinueToPayment</h2><h3 id="m3">SystemMailTracking.testcases.SessionSuite.ContinueToPaymentTest#ContinueToPayment</h3><table class="result"><tr class="param"><th>Parameter #1</th></tr><tr class="param stripe"><td>{ConfirmPassword=123456, Browser=Chrome, CardNumber=4242424242424242, Password=123456, Additional Notification Email=Additionnotif@mailinator.com, RepId2=TestRep2, RepId1=TestRep1, groupcode=qiRUR5, UserName=Automation, Runmode=Y, SuccessPaymentMessage=Congratulations! You have been upgraded to the RapidFunnel Premium version!, Phone=9658877498, LastName=New Account, AccountName=Automation New Account, FirstName=Automation, PostalCode=751076, Email=Autonewuser2@mailinator.com, CVVCode=623}</td></tr><tr><th>Exception</th></tr><tr><td><div class="stacktrace">java.lang.reflect.InvocationTargetException
	at SystemMailTracking.driver.DriverScript.executeKeywords(DriverScript.java:49)
	at SystemMailTracking.testcases.SessionSuite.ContinueToPaymentTest.ContinueToPayment(ContinueToPaymentTest.java:24)
Caused by: java.lang.AssertionError: The following asserts failed:
	Object Not Found BillingInfoPostalCode_xpath,
	Failed to do successful payment during account creation
	at SystemMailTracking.keywords.GenericKeywords.reportFailure(GenericKeywords.java:362)
	at SystemMailTracking.keywords.AppKeywords.VerifyFillingBillingInfo(AppKeywords.java:234)
	... 35 more
... Removed 34 stack frames</div></td></tr></table><p class="totop"><a href="#summary">back to summary</a></p><h2>deletepaiduser</h2><h3 id="m4">SystemMailTracking.testcases.SessionSuite.deletepaiduser#deletepaiduserTest</h3><table class="result"><tr class="param"><th>Parameter #1</th></tr><tr class="param stripe"><td>{Runmode=Y, Email=Autonewuser2@mailinator.com, Browser=Chrome}</td></tr><tr><th>Exception</th></tr><tr><td><div class="stacktrace">java.lang.reflect.InvocationTargetException
	at SystemMailTracking.driver.DriverScript.executeKeywords(DriverScript.java:49)
	at SystemMailTracking.testcases.SessionSuite.deletepaiduser.deletepaiduserTest(deletepaiduser.java:24)
Caused by: java.lang.AssertionError: The following asserts failed:
	Object Not Found DeleteUserButton_xpath,
	Failed to delete the trial user
	at SystemMailTracking.keywords.GenericKeywords.reportFailure(GenericKeywords.java:362)
	at SystemMailTracking.keywords.AppKeywords.deletepaiduser(AppKeywords.java:657)
	... 35 more
... Removed 34 stack frames</div></td></tr></table><p class="totop"><a href="#summary">back to summary</a></p><h2>deleteTrialuser</h2><h3 id="m5">SystemMailTracking.testcases.SessionSuite.deleteTrialuser#deleteTrialuserTest</h3><table class="result"><tr class="param"><th>Parameter #1</th></tr><tr class="param stripe"><td>{Runmode=Y, Email=Autonewuser1@mailinator.com, Browser=Chrome}</td></tr></table><p class="totop"><a href="#summary">back to summary</a></p><h2>Send Optin Email</h2><h3 id="m6">SystemMailTracking.testcases.SystemEmails.AddNewContactOptinTest#AddNewContactOptin</h3><table class="result"><tr class="param"><th>Parameter #1</th></tr><tr class="param stripe"><td>{Note=AutoNote, Tag=Auto, ExpectedText=Data saved successfully., Runmode=Y, CompanyName=RapidFunnel, Phone=9658820667, Email=automationcontact1@mailinator.com, Title=Mr., LastName=Contact, City=AutoCity, FirstName=Automation, Address2=AutoAdd2, Address1=AutoAdd1, PostalCode=751016, Browser=Chrome}</td></tr></table><p class="totop"><a href="#summary">back to summary</a></p><h2>Resend Optin Email</h2><h3 id="m7">SystemMailTracking.testcases.SystemEmails.ReoptinEmailTest#ReoptinEmail</h3><table class="result"><tr class="param"><th>Parameter #1</th></tr><tr class="param stripe"><td>{Password=r123456789, Runmode=Y, UserName=Automationdonotuse@mailinator.com, Email=automationcontact1@mailinator.com, Browser=Chrome}</td></tr></table><p class="totop"><a href="#summary">back to summary</a></p><h2>Send Resource Email</h2><h3 id="m8">SystemMailTracking.testcases.SystemEmails.ResourceEmailTest#ResourceEmail</h3><table class="result"><tr class="param"><th>Parameter #1</th></tr><tr class="param stripe"><td>{GmailPassword=password@12, Password=r123456789, Runmode=Y, UserName=Automationdonotuse@mailinator.com, Email=xponoacc@gmail.com, Browser=Chrome}</td></tr><tr><th>Exception</th></tr><tr><td><div class="stacktrace">java.lang.reflect.InvocationTargetException
	at SystemMailTracking.driver.DriverScript.executeKeywords(DriverScript.java:49)
	at SystemMailTracking.testcases.SystemEmails.ResourceEmailTest.ResourceEmail(ResourceEmailTest.java:24)
Caused by: java.lang.AssertionError: The following asserts failed:
	Object Not Found GmailInboxclick_xpath,
	Failed to receive Resource email
	at SystemMailTracking.keywords.GenericKeywords.reportFailure(GenericKeywords.java:362)
	at SystemMailTracking.keywords.AppKeywords.VerifyResourceEmailFromInbox(AppKeywords.java:528)
	... 35 more
... Removed 34 stack frames</div></td></tr></table><p class="totop"><a href="#summary">back to summary</a></p><h2>Broadcast Email</h2><h3 id="m9">SystemMailTracking.testcases.SystemEmails.BroadCastEmailTest#BroadCastEmail</h3><table class="result"><tr class="param"><th>Parameter #1</th></tr><tr class="param stripe"><td>{GmailPassword=password@12, BroadCastEmailTextContent=Test Content Automation, BroadcastEmailAddress=xponoacc@gmail.com, SentEmailFrom=Rfsupporttest@mailinator.com, Runmode=Y, BroadCastEmailSubject=Test Automation Subject, BroadCastEmailContent=Test Automation Content, Browser=Chrome}</td></tr><tr><th>Exception</th></tr><tr><td><div class="stacktrace">java.lang.reflect.InvocationTargetException
	at SystemMailTracking.driver.DriverScript.executeKeywords(DriverScript.java:49)
	at SystemMailTracking.testcases.SystemEmails.BroadCastEmailTest.BroadCastEmail(BroadCastEmailTest.java:27)
Caused by: java.lang.AssertionError: The following asserts failed:
	Object Not Found GmailInboxclick_xpath,
	Failed to recieve Broadcast email
	at SystemMailTracking.keywords.GenericKeywords.reportFailure(GenericKeywords.java:362)
	at SystemMailTracking.keywords.AppKeywords.VerifyBroadcastEmailFromInbox(AppKeywords.java:590)
	... 35 more
... Removed 34 stack frames</div></td></tr></table><p class="totop"><a href="#summary">back to summary</a></p><h2>Delete Contact</h2><h3 id="m10">SystemMailTracking.testcases.SystemEmails.deletecontact#deletecontactTest</h3><table class="result"><tr class="param"><th>Parameter #1</th></tr><tr class="param stripe"><td>{Runmode=Y, Email=automationcontact1@mailinator.com, Browser=Chrome}</td></tr></table><p class="totop"><a href="#summary">back to summary</a></p></body></html>