<!DOCTYPE html PUBLIC "-//W3C//DTD XHTML 1.1//EN" "http://www.w3.org/TR/xhtml11/DTD/xhtml11.dtd">
<html xmlns="http://www.w3.org/1999/xhtml"><head><title>TestNG Report</title><style type="text/css">table {margin-bottom:10px;border-collapse:collapse;empty-cells:show}th,td {border:1px solid #009;padding:.25em .5em}th {vertical-align:bottom}td {vertical-align:top}table a {font-weight:bold}.stripe td {background-color: #E6EBF9}.num {text-align:right}.passedodd td {background-color: #3F3}.passedeven td {background-color: #0A0}.skippedodd td {background-color: #DDD}.skippedeven td {background-color: #CCC}.failedodd td,.attn {background-color: #F33}.failedeven td,.stripe .attn {background-color: #D00}.stacktrace {white-space:pre;font-family:monospace}.totop {font-size:85%;text-align:center;border-bottom:2px solid #000}</style></head><body><table><tr><th>Test</th><th># Passed</th><th># Skipped</th><th># Failed</th><th>Time (ms)</th><th>Included Groups</th><th>Excluded Groups</th></tr><tr><th colspan="7">My suite</th></tr><tr><th colspan="7">SessionSuite</th></tr><tr><td><a href="#t0">Login Test</a></td><td class="num">1</td><td class="num">0</td><td class="num">0</td><td class="num">78,415</td><td></td><td></td></tr><tr class="stripe"><td><a href="#t1">ForgotPassword</a></td><td class="num">0</td><td class="num">0</td><td class="num attn">1</td><td class="num">124,991</td><td></td><td></td></tr><tr><td><a href="#t2">CreateNewAccount</a></td><td class="num">0</td><td class="num">0</td><td class="num attn">1</td><td class="num">13,794</td><td></td><td></td></tr><tr class="stripe"><td><a href="#t3">ContinueToPayment</a></td><td class="num">0</td><td class="num">0</td><td class="num attn">1</td><td class="num">92,106</td><td></td><td></td></tr><tr><th colspan="7">SystemEmails</th></tr><tr><td><a href="#t4">Send Optin Email</a></td><td class="num">0</td><td class="num">0</td><td class="num attn">1</td><td class="num">10,029</td><td></td><td></td></tr><tr class="stripe"><td><a href="#t5">Resend Optin Email</a></td><td class="num">0</td><td class="num attn">1</td><td class="num">0</td><td class="num">139</td><td></td><td></td></tr><tr><td><a href="#t6">Send Resource Email</a></td><td class="num">0</td><td class="num">0</td><td class="num attn">1</td><td class="num">4,908</td><td></td><td></td></tr><tr><th>Total</th><th class="num">1</th><th class="num attn">1</th><th class="num attn">5</th><th class="num">324,382</th><th colspan="2"></th></tr></table><table><thead><tr><th>Class</th><th>Method</th><th>Start</th><th>Time (ms)</th></tr></thead><tbody><tr><th colspan="4">My suite</th></tr></tbody><tbody><tr><th colspan="4">SessionSuite</th></tr></tbody><tbody id="t0"><tr><th colspan="4">Login Test &#8212; passed</th></tr><tr class="passedeven"><td rowspan="1">SystemMailTracking.testcases.SessionSuite.LoginTest</td><td><a href="#m0">loginTest</a></td><td rowspan="1">1527695140919</td><td rowspan="1">76702</td></tr></tbody><tbody id="t1"><tr><th colspan="4">ForgotPassword &#8212; failed</th></tr><tr class="failedeven"><td rowspan="1">SystemMailTracking.testcases.SessionSuite.ForgotPasswordTestCase</td><td><a href="#m1">ForgotPasswordTest</a></td><td rowspan="1">1527695218799</td><td rowspan="1">124198</td></tr></tbody><tbody id="t2"><tr><th colspan="4">CreateNewAccount &#8212; failed</th></tr><tr class="failedeven"><td rowspan="1">SystemMailTracking.testcases.SessionSuite.CreateNewAccountTest</td><td><a href="#m2">CreateNewAccount</a></td><td rowspan="1">1527695343786</td><td rowspan="1">13012</td></tr></tbody><tbody id="t3"><tr><th colspan="4">ContinueToPayment &#8212; failed</th></tr><tr class="failedeven"><td rowspan="1">SystemMailTracking.testcases.SessionSuite.ContinueToPaymentTest</td><td><a href="#m3">ContinueToPayment</a></td><td rowspan="1">1527695357596</td><td rowspan="1">91280</td></tr></tbody><tbody><tr><th colspan="4">SystemEmails</th></tr></tbody><tbody id="t4"><tr><th colspan="4">Send Optin Email &#8212; failed</th></tr><tr class="failedeven"><td rowspan="1">SystemMailTracking.testcases.SystemEmails.AddNewContactOptinTest</td><td><a href="#m4">AddNewContactOptin</a></td><td rowspan="1">1527695449723</td><td rowspan="1">9152</td></tr></tbody><tbody id="t5"><tr><th colspan="4">Resend Optin Email &#8212; skipped</th></tr><tr class="skippedeven"><td rowspan="1">SystemMailTracking.testcases.SystemEmails.ReoptinEmailTest</td><td><a href="#m5">ReoptinEmail</a></td><td rowspan="1">1527695459855</td><td rowspan="1">2</td></tr></tbody><tbody id="t6"><tr><th colspan="4">Send Resource Email &#8212; failed</th></tr><tr class="failedeven"><td rowspan="1">SystemMailTracking.testcases.SystemEmails.ResourceEmailTest</td><td><a href="#m6">ResourceEmail</a></td><td rowspan="1">1527695460040</td><td rowspan="1">3950</td></tr></tbody></table><h2>Login Test</h2><h3 id="m0">SystemMailTracking.testcases.SessionSuite.LoginTest#loginTest</h3><table class="result"><tr class="param"><th>Parameter #1</th></tr><tr class="param stripe"><td>{Username=Automationdonotuse@mailinator.com, ExpectedResult=Success, Password=r123456789, Runmode=Y, Browser=Chrome}</td></tr></table><p class="totop"><a href="#summary">back to summary</a></p><h2>ForgotPassword</h2><h3 id="m1">SystemMailTracking.testcases.SessionSuite.ForgotPasswordTestCase#ForgotPasswordTest</h3><table class="result"><tr class="param"><th>Parameter #1</th></tr><tr class="param stripe"><td>{NewPassword=r123456789, Runmode=Y, ConfirmPassword=r123456789, ValidateText=An email has been sent to your email account with instructions to reset your password. Please check Junk/Spam folders for this message and wait up to 10 minutes for it., Email=Automationdonotuse@mailinator.com, Browser=Chrome}</td></tr><tr><th>Exception</th></tr><tr><td><div class="stacktrace">java.lang.reflect.InvocationTargetException
	at SystemMailTracking.driver.DriverScript.executeKeywords(DriverScript.java:49)
	at SystemMailTracking.testcases.SessionSuite.ForgotPasswordTestCase.ForgotPasswordTest(ForgotPasswordTestCase.java:28)
Caused by: org.openqa.selenium.NoSuchWindowException: no such window: target window already closed
from unknown error: web view not found
  (Session info: chrome=66.0.3359.181)
  (Driver info: chromedriver=2.38.552522 (437e6fbedfa8762dec75e2c5b3ddb86763dc9dcb),platform=Windows NT 10.0.17134 x86_64) (WARNING: The server did not provide any stacktrace information)
Command duration or timeout: 0 milliseconds
Build info: version: &apos;3.11.0&apos;, revision: &apos;e59cfb3&apos;, time: &apos;2018-03-11T20:26:55.152Z&apos;
System info: host: &apos;DESKTOP-TU76DCC&apos;, ip: &apos;127.0.0.1&apos;, os.name: &apos;Windows 10&apos;, os.arch: &apos;amd64&apos;, os.version: &apos;10.0&apos;, java.version: &apos;1.8.0_151&apos;
Driver info: org.openqa.selenium.chrome.ChromeDriver
Capabilities {acceptInsecureCerts: false, acceptSslCerts: false, applicationCacheEnabled: false, browserConnectionEnabled: false, browserName: chrome, chrome: {chromedriverVersion: 2.38.552522 (437e6fbedfa876..., userDataDir: C:\Users\RASHMI~1\AppData\L...}, cssSelectorsEnabled: true, databaseEnabled: false, handlesAlerts: true, hasTouchScreen: false, javascriptEnabled: true, locationContextEnabled: true, mobileEmulationEnabled: false, nativeEvents: true, networkConnectionEnabled: false, pageLoadStrategy: normal, platform: XP, platformName: XP, rotatable: false, setWindowRect: true, takesHeapSnapshot: true, takesScreenshot: true, unexpectedAlertBehaviour: , unhandledPromptBehavior: , version: 66.0.3359.181, webStorageEnabled: true}
Session ID: 9d5093f7a7ab8499076b59be55cbfb7a
	at org.openqa.selenium.remote.ErrorHandler.createThrowable(ErrorHandler.java:214)
	at org.openqa.selenium.remote.ErrorHandler.throwIfResponseFailed(ErrorHandler.java:166)
	at org.openqa.selenium.remote.http.JsonHttpResponseCodec.reconstructValue(JsonHttpResponseCodec.java:40)
	at org.openqa.selenium.remote.http.AbstractHttpResponseCodec.decode(AbstractHttpResponseCodec.java:80)
	at org.openqa.selenium.remote.http.AbstractHttpResponseCodec.decode(AbstractHttpResponseCodec.java:44)
	at org.openqa.selenium.remote.HttpCommandExecutor.execute(HttpCommandExecutor.java:158)
	at org.openqa.selenium.remote.service.DriverCommandExecutor.execute(DriverCommandExecutor.java:83)
	at org.openqa.selenium.remote.RemoteWebDriver.execute(RemoteWebDriver.java:545)
	at org.openqa.selenium.remote.RemoteWebDriver.execute(RemoteWebDriver.java:602)
	at org.openqa.selenium.remote.RemoteWebDriver.getScreenshotAs(RemoteWebDriver.java:291)
	at SystemMailTracking.keywords.GenericKeywords.takeSceenShot(GenericKeywords.java:371)
	at SystemMailTracking.keywords.GenericKeywords.reportFailure(GenericKeywords.java:355)
	at SystemMailTracking.keywords.AppKeywords.verifyEmailForForgotPassword(AppKeywords.java:65)
	... 31 more
... Removed 33 stack frames</div></td></tr></table><p class="totop"><a href="#summary">back to summary</a></p><h2>CreateNewAccount</h2><h3 id="m2">SystemMailTracking.testcases.SessionSuite.CreateNewAccountTest#CreateNewAccount</h3><table class="result"><tr class="param"><th>Parameter #1</th></tr><tr class="param stripe"><td>{ConfirmPassword=123456, RepId2=TestRep2, RepId1=TestRep1, ValidateText=Your user account has been created you may now login to the RapidFunnel app.If you have not downloaded the app please do so through the Apple App Store or Google Play. You can also login online at my.prospectbylegalshield.com, Runmode=Y, Phone=9.658877498E9, Additional Notification Email=Additionnotif@mailinator.com, Email=Autonewaccount113@mailinator.com, Password=123456, groupcode=Marketing, LastName=New Account, FirstName=Automation, Browser=Chrome}</td></tr><tr><th>Exception</th></tr><tr><td><div class="stacktrace">java.lang.reflect.InvocationTargetException
	at SystemMailTracking.driver.DriverScript.executeKeywords(DriverScript.java:49)
	at SystemMailTracking.testcases.SessionSuite.CreateNewAccountTest.CreateNewAccount(CreateNewAccountTest.java:27)
Caused by: org.openqa.selenium.NoSuchWindowException: no such window: target window already closed
from unknown error: web view not found
  (Session info: chrome=66.0.3359.181)
  (Driver info: chromedriver=2.38.552522 (437e6fbedfa8762dec75e2c5b3ddb86763dc9dcb),platform=Windows NT 10.0.17134 x86_64) (WARNING: The server did not provide any stacktrace information)
Command duration or timeout: 0 milliseconds
Build info: version: &apos;3.11.0&apos;, revision: &apos;e59cfb3&apos;, time: &apos;2018-03-11T20:26:55.152Z&apos;
System info: host: &apos;DESKTOP-TU76DCC&apos;, ip: &apos;127.0.0.1&apos;, os.name: &apos;Windows 10&apos;, os.arch: &apos;amd64&apos;, os.version: &apos;10.0&apos;, java.version: &apos;1.8.0_151&apos;
Driver info: org.openqa.selenium.chrome.ChromeDriver
Capabilities {acceptInsecureCerts: false, acceptSslCerts: false, applicationCacheEnabled: false, browserConnectionEnabled: false, browserName: chrome, chrome: {chromedriverVersion: 2.38.552522 (437e6fbedfa876..., userDataDir: C:\Users\RASHMI~1\AppData\L...}, cssSelectorsEnabled: true, databaseEnabled: false, handlesAlerts: true, hasTouchScreen: false, javascriptEnabled: true, locationContextEnabled: true, mobileEmulationEnabled: false, nativeEvents: true, networkConnectionEnabled: false, pageLoadStrategy: normal, platform: XP, platformName: XP, rotatable: false, setWindowRect: true, takesHeapSnapshot: true, takesScreenshot: true, unexpectedAlertBehaviour: , unhandledPromptBehavior: , version: 66.0.3359.181, webStorageEnabled: true}
Session ID: 96cf3d1504e71064c72889810e713882
	at org.openqa.selenium.remote.ErrorHandler.createThrowable(ErrorHandler.java:214)
	at org.openqa.selenium.remote.ErrorHandler.throwIfResponseFailed(ErrorHandler.java:166)
	at org.openqa.selenium.remote.http.JsonHttpResponseCodec.reconstructValue(JsonHttpResponseCodec.java:40)
	at org.openqa.selenium.remote.http.AbstractHttpResponseCodec.decode(AbstractHttpResponseCodec.java:80)
	at org.openqa.selenium.remote.http.AbstractHttpResponseCodec.decode(AbstractHttpResponseCodec.java:44)
	at org.openqa.selenium.remote.HttpCommandExecutor.execute(HttpCommandExecutor.java:158)
	at org.openqa.selenium.remote.service.DriverCommandExecutor.execute(DriverCommandExecutor.java:83)
	at org.openqa.selenium.remote.RemoteWebDriver.execute(RemoteWebDriver.java:545)
	at org.openqa.selenium.remote.RemoteWebDriver.execute(RemoteWebDriver.java:602)
	at org.openqa.selenium.remote.RemoteWebDriver.getScreenshotAs(RemoteWebDriver.java:291)
	at SystemMailTracking.keywords.GenericKeywords.takeSceenShot(GenericKeywords.java:371)
	at SystemMailTracking.keywords.GenericKeywords.reportFailure(GenericKeywords.java:355)
	at SystemMailTracking.keywords.AppKeywords.VerifyCreateNewAccount(AppKeywords.java:266)
	... 31 more
... Removed 33 stack frames</div></td></tr></table><p class="totop"><a href="#summary">back to summary</a></p><h2>ContinueToPayment</h2><h3 id="m3">SystemMailTracking.testcases.SessionSuite.ContinueToPaymentTest#ContinueToPayment</h3><table class="result"><tr class="param"><th>Parameter #1</th></tr><tr class="param stripe"><td>{ConfirmPassword=123456, Browser=Chrome, CardNumber=4242424242424242, Password=123456, Additional Notification Email=Additionnotif@mailinator.com, RepId2=TestRep2, RepId1=TestRep1, groupcode=Marketing, UserName=Automation, Runmode=Y, SuccessPaymentMessage=Congratulations! You have been upgraded to the RapidFunnel Premium version!, Phone=9.658877498E9, LastName=New Account, AccountName=Automation New Account, FirstName=Automation, PostalCode=751076, Email=Autonewaccount114@mailinator.com, CVVCode=623}</td></tr><tr><th>Exception</th></tr><tr><td><div class="stacktrace">java.lang.reflect.InvocationTargetException
	at SystemMailTracking.driver.DriverScript.executeKeywords(DriverScript.java:49)
	at SystemMailTracking.testcases.SessionSuite.ContinueToPaymentTest.ContinueToPayment(ContinueToPaymentTest.java:27)
Caused by: java.lang.AssertionError: The following asserts failed:
	Object Not Found MailinatorNewAccountwithPaymentMail_xpath	Object Not Found MailinatorNewAccountwithPaymentMail_xpath, 
	Failed to get the email confirmation for newly created account with payment	Failed to get the email confirmation for newly created account with payment
	at SystemMailTracking.keywords.GenericKeywords.reportFailure(GenericKeywords.java:362)
	at SystemMailTracking.keywords.AppKeywords.VerifyEmailFromInboxNewAccountwithPayment(AppKeywords.java:232)
	... 31 more
... Removed 30 stack frames</div></td></tr></table><p class="totop"><a href="#summary">back to summary</a></p><h2>Send Optin Email</h2><h3 id="m4">SystemMailTracking.testcases.SystemEmails.AddNewContactOptinTest#AddNewContactOptin</h3><table class="result"><tr class="param"><th>Parameter #1</th></tr><tr class="param stripe"><td>{Note=AutoNote, Tag=Auto, ExpectedText=Data saved successfully., Runmode=Y, CompanyName=RapidFunnel, Phone=9658820667, Email=autocontact111@mailinator.com, Title=Mr., LastName=Contact, City=AutoCity, FirstName=Automation, Address2=AutoAdd2, Address1=AutoAdd1, PostalCode=751016, Browser=Chrome}</td></tr><tr><th>Exception</th></tr><tr><td><div class="stacktrace">java.lang.reflect.InvocationTargetException
	at SystemMailTracking.driver.DriverScript.executeKeywords(DriverScript.java:49)
	at SystemMailTracking.testcases.SystemEmails.AddNewContactOptinTest.AddNewContactOptin(AddNewContactOptinTest.java:27)
Caused by: org.openqa.selenium.NoSuchWindowException: no such window: target window already closed
from unknown error: web view not found
  (Session info: chrome=66.0.3359.181)
  (Driver info: chromedriver=2.38.552522 (437e6fbedfa8762dec75e2c5b3ddb86763dc9dcb),platform=Windows NT 10.0.17134 x86_64) (WARNING: The server did not provide any stacktrace information)
Command duration or timeout: 0 milliseconds
Build info: version: &apos;3.11.0&apos;, revision: &apos;e59cfb3&apos;, time: &apos;2018-03-11T20:26:55.152Z&apos;
System info: host: &apos;DESKTOP-TU76DCC&apos;, ip: &apos;127.0.0.1&apos;, os.name: &apos;Windows 10&apos;, os.arch: &apos;amd64&apos;, os.version: &apos;10.0&apos;, java.version: &apos;1.8.0_151&apos;
Driver info: org.openqa.selenium.chrome.ChromeDriver
Capabilities {acceptInsecureCerts: false, acceptSslCerts: false, applicationCacheEnabled: false, browserConnectionEnabled: false, browserName: chrome, chrome: {chromedriverVersion: 2.38.552522 (437e6fbedfa876..., userDataDir: C:\Users\RASHMI~1\AppData\L...}, cssSelectorsEnabled: true, databaseEnabled: false, handlesAlerts: true, hasTouchScreen: false, javascriptEnabled: true, locationContextEnabled: true, mobileEmulationEnabled: false, nativeEvents: true, networkConnectionEnabled: false, pageLoadStrategy: normal, platform: XP, platformName: XP, rotatable: false, setWindowRect: true, takesHeapSnapshot: true, takesScreenshot: true, unexpectedAlertBehaviour: , unhandledPromptBehavior: , version: 66.0.3359.181, webStorageEnabled: true}
Session ID: 1e897f31ac1a29aabb085f2d6a739075
	at org.openqa.selenium.remote.ErrorHandler.createThrowable(ErrorHandler.java:214)
	at org.openqa.selenium.remote.ErrorHandler.throwIfResponseFailed(ErrorHandler.java:166)
	at org.openqa.selenium.remote.http.JsonHttpResponseCodec.reconstructValue(JsonHttpResponseCodec.java:40)
	at org.openqa.selenium.remote.http.AbstractHttpResponseCodec.decode(AbstractHttpResponseCodec.java:80)
	at org.openqa.selenium.remote.http.AbstractHttpResponseCodec.decode(AbstractHttpResponseCodec.java:44)
	at org.openqa.selenium.remote.HttpCommandExecutor.execute(HttpCommandExecutor.java:158)
	at org.openqa.selenium.remote.service.DriverCommandExecutor.execute(DriverCommandExecutor.java:83)
	at org.openqa.selenium.remote.RemoteWebDriver.execute(RemoteWebDriver.java:545)
	at org.openqa.selenium.remote.RemoteWebDriver.execute(RemoteWebDriver.java:602)
	at org.openqa.selenium.remote.RemoteWebDriver.getScreenshotAs(RemoteWebDriver.java:291)
	at SystemMailTracking.keywords.GenericKeywords.takeSceenShot(GenericKeywords.java:371)
	at SystemMailTracking.keywords.GenericKeywords.reportFailure(GenericKeywords.java:355)
	at SystemMailTracking.keywords.GenericKeywords.getObject(GenericKeywords.java:314)
	at SystemMailTracking.keywords.AppKeywords.login(AppKeywords.java:35)
	... 31 more
... Removed 33 stack frames</div></td></tr></table><p class="totop"><a href="#summary">back to summary</a></p><h2>Resend Optin Email</h2><h3 id="m5">SystemMailTracking.testcases.SystemEmails.ReoptinEmailTest#ReoptinEmail</h3><table class="result"><tr class="param"><th>Parameter #1</th></tr><tr class="param stripe"><td>{Password=r123456789, Runmode=Y, UserName=Automationdonotuse@mailinator.com, Email=autocontact111@mailinator.com, Browser=Chrome}</td></tr><tr><th>Exception</th></tr><tr><td><div class="stacktrace">org.testng.SkipException: Runmode is set to NO
	at SystemMailTracking.testcases.SystemEmails.ReoptinEmailTest.ReoptinEmail(ReoptinEmailTest.java:25)
... Removed 25 stack frames</div></td></tr></table><p class="totop"><a href="#summary">back to summary</a></p><h2>Send Resource Email</h2><h3 id="m6">SystemMailTracking.testcases.SystemEmails.ResourceEmailTest#ResourceEmail</h3><table class="result"><tr class="param"><th>Parameter #1</th></tr><tr class="param stripe"><td>{Password=r123456789, Runmode=Y, UserName=Automationdonotuse@mailinator.com, Email=autocontact111@mailinator.com, Browser=Chrome}</td></tr><tr><th>Exception</th></tr><tr><td><div class="stacktrace">java.lang.reflect.InvocationTargetException
	at SystemMailTracking.driver.DriverScript.executeKeywords(DriverScript.java:49)
	at SystemMailTracking.testcases.SystemEmails.ResourceEmailTest.ResourceEmail(ResourceEmailTest.java:27)
Caused by: org.openqa.selenium.WebDriverException: unknown error: cannot determine loading status
from unknown error: cannot determine loading status
from disconnected: received Inspector.detached event
  (Session info: chrome=66.0.3359.181)
  (Driver info: chromedriver=2.38.552522 (437e6fbedfa8762dec75e2c5b3ddb86763dc9dcb),platform=Windows NT 10.0.17134 x86_64) (WARNING: The server did not provide any stacktrace information)
Command duration or timeout: 0 milliseconds
Build info: version: &apos;3.11.0&apos;, revision: &apos;e59cfb3&apos;, time: &apos;2018-03-11T20:26:55.152Z&apos;
System info: host: &apos;DESKTOP-TU76DCC&apos;, ip: &apos;127.0.0.1&apos;, os.name: &apos;Windows 10&apos;, os.arch: &apos;amd64&apos;, os.version: &apos;10.0&apos;, java.version: &apos;1.8.0_151&apos;
Driver info: org.openqa.selenium.chrome.ChromeDriver
Capabilities {acceptInsecureCerts: false, acceptSslCerts: false, applicationCacheEnabled: false, browserConnectionEnabled: false, browserName: chrome, chrome: {chromedriverVersion: 2.38.552522 (437e6fbedfa876..., userDataDir: C:\Users\RASHMI~1\AppData\L...}, cssSelectorsEnabled: true, databaseEnabled: false, handlesAlerts: true, hasTouchScreen: false, javascriptEnabled: true, locationContextEnabled: true, mobileEmulationEnabled: false, nativeEvents: true, networkConnectionEnabled: false, pageLoadStrategy: normal, platform: XP, platformName: XP, rotatable: false, setWindowRect: true, takesHeapSnapshot: true, takesScreenshot: true, unexpectedAlertBehaviour: , unhandledPromptBehavior: , version: 66.0.3359.181, webStorageEnabled: true}
Session ID: 5858beb090e09a58982882fccdd9847b
	at org.openqa.selenium.remote.ErrorHandler.createThrowable(ErrorHandler.java:214)
	at org.openqa.selenium.remote.ErrorHandler.throwIfResponseFailed(ErrorHandler.java:166)
	at org.openqa.selenium.remote.http.JsonHttpResponseCodec.reconstructValue(JsonHttpResponseCodec.java:40)
	at org.openqa.selenium.remote.http.AbstractHttpResponseCodec.decode(AbstractHttpResponseCodec.java:80)
	at org.openqa.selenium.remote.http.AbstractHttpResponseCodec.decode(AbstractHttpResponseCodec.java:44)
	at org.openqa.selenium.remote.HttpCommandExecutor.execute(HttpCommandExecutor.java:158)
	at org.openqa.selenium.remote.service.DriverCommandExecutor.execute(DriverCommandExecutor.java:83)
	at org.openqa.selenium.remote.RemoteWebDriver.execute(RemoteWebDriver.java:545)
	at org.openqa.selenium.remote.RemoteWebDriver.get(RemoteWebDriver.java:273)
	at SystemMailTracking.keywords.GenericKeywords.navigate(GenericKeywords.java:138)
	... 31 more
... Removed 33 stack frames</div></td></tr></table><p class="totop"><a href="#summary">back to summary</a></p></body></html>